<?xml version="1.0" encoding="UTF-8"?>
<!-- Generated by org.testng.reporters.JUnitXMLReporter -->
<testsuite ignored="0" hostname="ARBIND12K6M24" failures="0" tests="7" name="Default test" time="151.262" errors="0" timestamp="2025-01-10T17:59:58 IST">
  <testcase classname="neuroeqilibrium_Tinnitus_Test_Script.VerfyTinnitus_Patient_LoginPage" name="VerfyTest_Login_Page" time="4.712"/>
  <testcase classname="neuroeqilibrium_Tinnitus_Test_Script.VerfyTinnitus_Patient_LoginPage" name="VerfyTest_Tinnitus_Add_Patient" time="14.099"/>
  <testcase classname="neuroeqilibrium_Tinnitus_Test_Script.VerfyTinnitus_Patient_LoginPage" name="VerfyTest_Tinnitus_History" time="38.408"/>
  <testcase classname="neuroeqilibrium_Tinnitus_Test_Script.VerfyTinnitus_Patient_LoginPage" name="VerfyTest_Tinnitus_Investigation" time="2.857"/>
  <testcase classname="neuroeqilibrium_Tinnitus_Test_Script.VerfyTinnitus_Patient_LoginPage" name="THI" time="24.035"/>
  <testcase classname="neuroeqilibrium_Tinnitus_Test_Script.VerfyTinnitus_Patient_LoginPage" name="VerfyTest_Tinnitus_HADS" time="9.1"/>
  <testcase classname="neuroeqilibrium_Tinnitus_Test_Script.VerfyTinnitus_Patient_LoginPage" name="VerfyTest_Tinnitus_Investgation" time="51.992"/>
</testsuite> <!-- Default test -->
